<?xml version="1.0" encoding="UTF-8"?>
<testng-results ignored="0" total="1" passed="1" failed="0" skipped="0">
  <reporter-output>
  </reporter-output>
  <suite started-at="2024-02-05T17:44:45 IST" name="Default suite" finished-at="2024-02-05T17:44:50 IST" duration-ms="4960">
    <groups>
    </groups>
    <test started-at="2024-02-05T17:44:45 IST" name="Default test" finished-at="2024-02-05T17:44:50 IST" duration-ms="4960">
      <class name="NewTest">
        <test-method is-config="true" signature="beforeTest()[pri:0, instance:NewTest@14e2e1c3]" started-at="2024-02-05T17:44:45 IST" name="beforeTest" finished-at="2024-02-05T17:44:46 IST" duration-ms="1531" status="PASS">
          <reporter-output>
          </reporter-output>
        </test-method> <!-- beforeTest -->
        <test-method signature="f()[pri:0, instance:NewTest@14e2e1c3]" started-at="2024-02-05T17:44:46 IST" name="f" finished-at="2024-02-05T17:44:50 IST" duration-ms="3386" status="PASS">
          <reporter-output>
          </reporter-output>
        </test-method> <!-- f -->
        <test-method is-config="true" signature="afterTest()[pri:0, instance:NewTest@14e2e1c3]" started-at="2024-02-05T17:44:50 IST" name="afterTest" finished-at="2024-02-05T17:44:50 IST" duration-ms="0" status="PASS">
          <reporter-output>
          </reporter-output>
        </test-method> <!-- afterTest -->
      </class> <!-- NewTest -->
    </test> <!-- Default test -->
  </suite> <!-- Default suite -->
</testng-results>
