<?xml version="1.0" encoding="UTF-8"?>
<testng-results ignored="0" total="1" passed="1" failed="0" skipped="0">
  <reporter-output>
  </reporter-output>
  <suite started-at="2024-02-06T15:34:57 IST" name="Default suite" finished-at="2024-02-06T15:35:02 IST" duration-ms="5335">
    <groups>
    </groups>
    <test started-at="2024-02-06T15:34:57 IST" name="Default test" finished-at="2024-02-06T15:35:02 IST" duration-ms="5335">
      <class name="NewTest">
        <test-method is-config="true" signature="beforeTest()[pri:0, instance:NewTest@63718b93]" started-at="2024-02-06T15:34:57 IST" name="beforeTest" finished-at="2024-02-06T15:34:59 IST" duration-ms="1751" status="PASS">
          <reporter-output>
          </reporter-output>
        </test-method> <!-- beforeTest -->
        <test-method signature="f()[pri:0, instance:NewTest@63718b93]" started-at="2024-02-06T15:34:59 IST" name="f" finished-at="2024-02-06T15:35:02 IST" duration-ms="3529" status="PASS">
          <reporter-output>
          </reporter-output>
        </test-method> <!-- f -->
        <test-method is-config="true" signature="afterTest()[pri:0, instance:NewTest@63718b93]" started-at="2024-02-06T15:35:02 IST" name="afterTest" finished-at="2024-02-06T15:35:02 IST" duration-ms="1" status="PASS">
          <reporter-output>
          </reporter-output>
        </test-method> <!-- afterTest -->
      </class> <!-- NewTest -->
    </test> <!-- Default test -->
  </suite> <!-- Default suite -->
</testng-results>
